Arguments: 
  /home/gfteixeira/.nvm/versions/node/v15.14.0/bin/node /usr/share/yarn/bin/yarn.js init

PATH: 
  /home/gfteixeira/.nvm/versions/node/v15.14.0/bin:/usr/local/sbin:/usr/local/bin:/usr/sbin:/usr/bin:/sbin:/bin:/usr/games:/usr/local/games:/snap/bin:/home/gfteixeira/Android/Sdk/emulator:/home/gfteixeira/Android/Sdk/tools:/home/gfteixeira/Android/Sdk/tools/bin:/home/gfteixeira/Android/Sdk/platform-tools:/home/gfteixeira/android-studio/bin:/home/gfteixeira/.cargo/bin:/home/gfteixeira/Android/Sdk/emulator:/home/gfteixeira/Android/Sdk/tools:/home/gfteixeira/Android/Sdk/tools/bin:/home/gfteixeira/Android/Sdk/platform-tools:/home/gfteixeira/android-studio/bin:/home/gfteixeira/.cargo/bin

Yarn version: 
  1.22.5

Node version: 
  15.14.0

Platform: 
  linux x64

Trace: 
  Error: canceled
      at Interface.<anonymous> (/usr/share/yarn/lib/cli.js:137009:13)
      at Interface.emit (node:events:369:20)
      at Interface._ttyWrite (node:readline:999:16)
      at ReadStream.onkeypress (node:readline:267:10)
      at ReadStream.emit (node:events:369:20)
      at emitKeys (node:internal/readline/utils:358:14)
      at emitKeys.next (<anonymous>)
      at ReadStream.onData (node:readline:1268:36)
      at ReadStream.emit (node:events:369:20)
      at addChunk (node:internal/streams/readable:313:12)

npm manifest: 
  No manifest

yarn manifest: 
  No manifest

Lockfile: 
  No lockfile
